0 info it worked if it ends with ok
1 verbose cli [ '/home/dtytomi/.nvm/versions/node/v6.0.0/bin/node',
1 verbose cli   '/home/dtytomi/.nvm/versions/node/v6.0.0/bin/npm',
1 verbose cli   'run',
1 verbose cli   'dev' ]
2 info using npm@3.8.6
3 info using node@v6.0.0
4 verbose run-script [ 'predev', 'dev', 'postdev' ]
5 info lifecycle backend@1.0.0~predev: backend@1.0.0
6 silly lifecycle backend@1.0.0~predev: no script for predev, continuing
7 info lifecycle backend@1.0.0~dev: backend@1.0.0
8 verbose lifecycle backend@1.0.0~dev: unsafe-perm in lifecycle true
9 verbose lifecycle backend@1.0.0~dev: PATH: /home/dtytomi/.nvm/versions/node/v6.0.0/lib/node_modules/npm/bin/node-gyp-bin:/home/dtytomi/Documents/Source/Webapp/Drugstore/backend/node_modules/.bin:/home/dtytomi/.nvm/versions/node/v6.0.0/bin:/home/dtytomi/.local/bin:/home/dtytomi/.composer/vendor/bin:/home/dtytomi/.nvm/versions/node/v6.0.0/bin:/home/dtytomi/.rvm/gems/ruby-2.4.1/bin:/home/dtytomi/.rvm/gems/ruby-2.4.1@global/bin:/usr/share/rvm/rubies/ruby-2.4.1/bin:/usr/local/sbin:/usr/local/bin:/usr/sbin:/usr/bin:/sbin:/bin:/usr/games:/usr/local/games:/snap/bin:/home/dtytomi/.dotnet/tools:/usr/lib/jvm/java-8-oracle/bin:/usr/lib/jvm/java-8-oracle/db/bin:/usr/lib/jvm/java-8-oracle/jre/bin:/usr/share/rvm/bin:/home/dtytomi/android-sdk/tools:/home/dtytomi/android-sdk/platform-tools:/home/dtytomi/.dotnet/tools:/usr/lib/jvm/java-8-oracle/bin:/usr/lib/jvm/java-8-oracle/db/bin:/usr/lib/jvm/java-8-oracle/jre/bin:/home/dtytomi/Android/Sdk/tools:/home/dtytomi/Android/Sdk/platform-tools:/opt/android-studio/bin/:/opt/android-studio/:/usr/lib/jvm/java-8-oracle:/opt/gradle/gradle-4.6/bin:/opt/blender:/home/dtytomi/android-sdk/tools:/home/dtytomi/android-sdk/platform-tools
10 verbose lifecycle backend@1.0.0~dev: CWD: /home/dtytomi/Documents/Source/Webapp/Drugstore/backend
11 silly lifecycle backend@1.0.0~dev: Args: [ '-c', 'nodemon server.js' ]
12 silly lifecycle backend@1.0.0~dev: Returned: code: 126  signal: null
13 info lifecycle backend@1.0.0~dev: Failed to exec dev script
14 verbose stack Error: backend@1.0.0 dev: `nodemon server.js`
14 verbose stack Exit status 126
14 verbose stack     at EventEmitter.<anonymous> (/home/dtytomi/.nvm/versions/node/v6.0.0/lib/node_modules/npm/lib/utils/lifecycle.js:239:16)
14 verbose stack     at emitTwo (events.js:106:13)
14 verbose stack     at EventEmitter.emit (events.js:191:7)
14 verbose stack     at ChildProcess.<anonymous> (/home/dtytomi/.nvm/versions/node/v6.0.0/lib/node_modules/npm/lib/utils/spawn.js:24:14)
14 verbose stack     at emitTwo (events.js:106:13)
14 verbose stack     at ChildProcess.emit (events.js:191:7)
14 verbose stack     at maybeClose (internal/child_process.js:850:16)
14 verbose stack     at Process.ChildProcess._handle.onexit (internal/child_process.js:215:5)
15 verbose pkgid backend@1.0.0
16 verbose cwd /home/dtytomi/Documents/Source/Webapp/Drugstore/backend
17 error Linux 4.15.0-45-generic
18 error argv "/home/dtytomi/.nvm/versions/node/v6.0.0/bin/node" "/home/dtytomi/.nvm/versions/node/v6.0.0/bin/npm" "run" "dev"
19 error node v6.0.0
20 error npm  v3.8.6
21 error code ELIFECYCLE
22 error backend@1.0.0 dev: `nodemon server.js`
22 error Exit status 126
23 error Failed at the backend@1.0.0 dev script 'nodemon server.js'.
23 error Make sure you have the latest version of node.js and npm installed.
23 error If you do, this is most likely a problem with the backend package,
23 error not with npm itself.
23 error Tell the author that this fails on your system:
23 error     nodemon server.js
23 error You can get information on how to open an issue for this project with:
23 error     npm bugs backend
23 error Or if that isn't available, you can get their info via:
23 error     npm owner ls backend
23 error There is likely additional logging output above.
24 verbose exit [ 1, true ]
